<?xml version="1.0" encoding="UTF-8"?>
<!-- Generated by org.testng.reporters.JUnitXMLReporter -->
<testsuite ignored="0" hostname="LAPTOP-GAUPM6CM" failures="0" tests="4" name="Default test" time="4.319" errors="0" timestamp="2025-11-13T09:25:21 IST">
  <testcase classname="tests.UserTests" name="createUserTest" time="2.701"/>
  <testcase classname="tests.UserTests" name="getUserByIdTest" time="0.554"/>
  <testcase classname="tests.UserTests" name="updateUserTest" time="0.485"/>
  <testcase classname="tests.UserTests" name="deleteUserTest" time="0.501"/>
</testsuite> <!-- Default test -->
