<?xml version="1.0" encoding="UTF-8"?>
<!-- Generated by org.testng.reporters.JUnitReportReporter -->
<testsuite hostname="LAPTOP-GAUPM6CM" failures="0" tests="4" name="tests.UserTests" time="4.122" errors="0" timestamp="2025-11-13T10:04:11 IST" skipped="0">
  <testcase classname="tests.UserTests" name="createUserTest" time="2.631"/>
  <testcase classname="tests.UserTests" name="getUserByIdTest" time="0.566"/>
  <testcase classname="tests.UserTests" name="updateUserTest" time="0.420"/>
  <testcase classname="tests.UserTests" name="deleteUserTest" time="0.505"/>
</testsuite> <!-- tests.UserTests -->
